<?xml version="1.0" encoding="UTF-8" ?>
<testsuite errors="0" failures="0" hostname="powerstationII" name="de.je.jmeta.context.JMetaContextTest" tests="1" time="0.594" timestamp="2012-02-19T18:34:12">
  <properties>
    <property name="java.vendor" value="Sun Microsystems Inc." />
    <property name="sun.java.launcher" value="SUN_STANDARD" />
    <property name="eclipse.pdebuild.templates" value="/H:/dev_3.0/Topcased-4.3.0/plugins/org.eclipse.pde.build_3.6.1.R36x_v20100823/templates/" />
    <property name="sun.management.compiler" value="HotSpot Client Compiler" />
    <property name="project_jMetaDefaultBundleInterface_dir" value="EasyTagExt_DefaultBundleInterface" />
    <property name="os.name" value="Windows XP" />
    <property name="sun.boot.class.path" value="H:\dev_3.0\javadev\java\jre\lib\resources.jar;H:\dev_3.0\javadev\java\jre\lib\rt.jar;H:\dev_3.0\javadev\java\jre\lib\sunrsasign.jar;H:\dev_3.0\javadev\java\jre\lib\jsse.jar;H:\dev_3.0\javadev\java\jre\lib\jce.jar;H:\dev_3.0\javadev\java\jre\lib\charsets.jar;H:\dev_3.0\javadev\java\jre\lib\modules\jdk.boot.jar;H:\dev_3.0\javadev\java\jre\classes" />
    <property name="project_Utility_dir" value="Utility" />
    <property name="sun.desktop" value="windows" />
    <property name="java.vm.specification.vendor" value="Sun Microsystems Inc." />
    <property name="project_jMetaImpl_dir" value="EasyTagCore" />
    <property name="ant.home" value="H:\dev_3.0\Topcased-4.3.0\plugins\org.apache.ant_1.7.1.v20100518-1145" />
    <property name="java.runtime.version" value="1.6.0_25-b06" />
    <property name="user.name" value="Jens Ebert" />
    <property name="user.language" value="de" />
    <property name="project_jMetaDefaultBundleImpl_dir" value="EasyTagExt_DefaultBundle" />
    <property name="sun.boot.library.path" value="H:\dev_3.0\javadev\java\jre\bin" />
    <property name="srcDir" value="src" />
    <property name="ant.project.name" value="DeploymentSmoke" />
    <property name="java.version" value="1.6.0_25" />
    <property name="user.timezone" value="" />
    <property name="project_jMetaExport_dir" value="EasyTagCore_Export" />
    <property name="sun.arch.data.model" value="32" />
    <property name="ant.file.DeploymentSmoke" value="H:\dev_3.0\javadev\ws\EasyTag_IntegrationTest\scripts\deploymentSmoke\build.xml" />
    <property name="java.endorsed.dirs" value="H:\dev_3.0\javadev\java\jre\lib\endorsed" />
    <property name="sun.cpu.isalist" value="pentium_pro+mmx pentium_pro pentium+mmx pentium i486 i386 i86" />
    <property name="sun.jnu.encoding" value="Cp1252" />
    <property name="file.encoding.pkg" value="sun.io" />
    <property name="file.separator" value="\" />
    <property name="java.specification.name" value="Java Platform API Specification" />
    <property name="java.class.version" value="50.0" />
    <property name="user.country" value="DE" />
    <property name="java.home" value="H:\dev_3.0\javadev\java\jre" />
    <property name="java.vm.info" value="mixed mode" />
    <property name="ant.file" value="H:\dev_3.0\javadev\ws\EasyTag_IntegrationTest\scripts\deploymentSmoke\build.xml" />
    <property name="os.version" value="5.1" />
    <property name="project_IntergrationTest_dir" value="EasyTag_IntegrationTest" />
    <property name="path.separator" value=";" />
    <property name="java.vm.version" value="20.0-b11" />
    <property name="user.variant" value="" />
    <property name="ant.library.dir" value="H:\dev_3.0\Topcased-4.3.0\plugins\org.apache.ant_1.7.1.v20100518-1145\lib" />
    <property name="java.awt.printerjob" value="sun.awt.windows.WPrinterJob" />
    <property name="sun.io.unicode.encoding" value="UnicodeLittle" />
    <property name="awt.toolkit" value="sun.awt.windows.WToolkit" />
    <property name="eclipse.pdebuild.scripts" value="/H:/dev_3.0/Topcased-4.3.0/plugins/org.eclipse.pde.build_3.6.1.R36x_v20100823/scripts/" />
    <property name="user.home" value="F:\Dokumente und Einstellungen\Jens Ebert" />
    <property name="java.specification.vendor" value="Sun Microsystems Inc." />
    <property name="binDir" value="bin" />
    <property name="java.library.path" value="H:\dev_3.0\Topcased-4.3.0;.;F:\WINDOWS\Sun\Java\bin;F:\WINDOWS\system32;F:\WINDOWS;H:/dev_3.0/Topcased-4.3.0/../javadev/java/bin/../jre/bin/client;H:/dev_3.0/Topcased-4.3.0/../javadev/java/bin/../jre/bin;H:/dev_3.0/Topcased-4.3.0/../javadev/java/bin/../jre/lib/i386;F:\WINDOWS\system32;F:\WINDOWS;F:\WINDOWS\system32\WBEM;F:\Programme\MiKTeX 2.8\miktex\bin;F:\Programme\NVIDIA Corporation\PhysX\Common;H:\Libraries\Xercesc\bin;F:\WINDOWS\system32;F:\WINDOWS;F:\WINDOWS\System32\Wbem;F:\PROGRA~1\ATT\Graphviz\bin;F:\PROGRA~1\ATT\Graphviz\bin\tools;F:\Programme\doxygen\bin;F:\Programme\ATI Technologies\ATI.ACE\Core-Static;F:\Programme\gs\gs8.61\bin;F:\cygwin\bin;H:\Libraries\Xercesc\bin;H:\dev_3.0\Topcased-4.3.0\configuration\org.eclipse.osgi\bundles\607\1\.cp" />
    <property name="java.vendor.url" value="http://java.sun.com/" />
    <property name="java.vm.vendor" value="Sun Microsystems Inc." />
    <property name="java.runtime.name" value="Java(TM) SE Runtime Environment" />
    <property name="sun.java.command" value="org.eclipse.ant.internal.launching.remote.InternalAntRunner -Dorg.eclipse.ant.core.ANT_PROCESS_ID=1329676448859 -Declipse.connect.port=2617 -Declipse.pdebuild.home=/H:/dev_3.0/Topcased-4.3.0/plugins/org.eclipse.pde.build_3.6.1.R36x_v20100823/./ -Declipse.pdebuild.scripts=/H:/dev_3.0/Topcased-4.3.0/plugins/org.eclipse.pde.build_3.6.1.R36x_v20100823/scripts/ -Declipse.pdebuild.templates=/H:/dev_3.0/Topcased-4.3.0/plugins/org.eclipse.pde.build_3.6.1.R36x_v20100823/templates/ -Dant.home=H:\dev_3.0\Topcased-4.3.0\plugins\org.apache.ant_1.7.1.v20100518-1145 -logger org.eclipse.ant.internal.launching.remote.logger.RemoteAntBuildLogger -inputhandler org.eclipse.ant.internal.ui.antsupport.inputhandler.ProxyInputHandler -buildfile H:\dev_3.0\javadev\ws\EasyTag_IntegrationTest\scripts\deploymentSmoke\build.xml" />
    <property name="java.class.path" value="H:\dev_3.0\Topcased-4.3.0\plugins\org.apache.ant_1.7.1.v20100518-1145\lib\ant.jar;H:\dev_3.0\Topcased-4.3.0\plugins\org.apache.ant_1.7.1.v20100518-1145\lib\ant-antlr.jar;H:\dev_3.0\Topcased-4.3.0\plugins\org.apache.ant_1.7.1.v20100518-1145\lib\ant-apache-bcel.jar;H:\dev_3.0\Topcased-4.3.0\plugins\org.apache.ant_1.7.1.v20100518-1145\lib\ant-apache-bsf.jar;H:\dev_3.0\Topcased-4.3.0\plugins\org.apache.ant_1.7.1.v20100518-1145\lib\ant-apache-log4j.jar;H:\dev_3.0\Topcased-4.3.0\plugins\org.apache.ant_1.7.1.v20100518-1145\lib\ant-apache-oro.jar;H:\dev_3.0\Topcased-4.3.0\plugins\org.apache.ant_1.7.1.v20100518-1145\lib\ant-apache-regexp.jar;H:\dev_3.0\Topcased-4.3.0\plugins\org.apache.ant_1.7.1.v20100518-1145\lib\ant-apache-resolver.jar;H:\dev_3.0\Topcased-4.3.0\plugins\org.apache.ant_1.7.1.v20100518-1145\lib\ant-commons-logging.jar;H:\dev_3.0\Topcased-4.3.0\plugins\org.apache.ant_1.7.1.v20100518-1145\lib\ant-commons-net.jar;H:\dev_3.0\Topcased-4.3.0\plugins\org.apache.ant_1.7.1.v20100518-1145\lib\ant-jai.jar;H:\dev_3.0\Topcased-4.3.0\plugins\org.apache.ant_1.7.1.v20100518-1145\lib\ant-javamail.jar;H:\dev_3.0\Topcased-4.3.0\plugins\org.apache.ant_1.7.1.v20100518-1145\lib\ant-jdepend.jar;H:\dev_3.0\Topcased-4.3.0\plugins\org.apache.ant_1.7.1.v20100518-1145\lib\ant-jmf.jar;H:\dev_3.0\Topcased-4.3.0\plugins\org.apache.ant_1.7.1.v20100518-1145\lib\ant-jsch.jar;H:\dev_3.0\Topcased-4.3.0\plugins\org.apache.ant_1.7.1.v20100518-1145\lib\ant-junit.jar;H:\dev_3.0\Topcased-4.3.0\plugins\org.apache.ant_1.7.1.v20100518-1145\lib\ant-launcher.jar;H:\dev_3.0\Topcased-4.3.0\plugins\org.apache.ant_1.7.1.v20100518-1145\lib\ant-netrexx.jar;H:\dev_3.0\Topcased-4.3.0\plugins\org.apache.ant_1.7.1.v20100518-1145\lib\ant-nodeps.jar;H:\dev_3.0\Topcased-4.3.0\plugins\org.apache.ant_1.7.1.v20100518-1145\lib\ant-starteam.jar;H:\dev_3.0\Topcased-4.3.0\plugins\org.apache.ant_1.7.1.v20100518-1145\lib\ant-stylebook.jar;H:\dev_3.0\Topcased-4.3.0\plugins\org.apache.ant_1.7.1.v20100518-1145\lib\ant-swing.jar;H:\dev_3.0\Topcased-4.3.0\plugins\org.apache.ant_1.7.1.v20100518-1145\lib\ant-trax.jar;H:\dev_3.0\Topcased-4.3.0\plugins\org.apache.ant_1.7.1.v20100518-1145\lib\ant-weblogic.jar;H:\dev_3.0\Topcased-4.3.0\configuration\org.eclipse.osgi\bundles\141\1\.cp\lib\antdebug.jar;H:\dev_3.0\Topcased-4.3.0\configuration\org.eclipse.osgi\bundles\141\1\.cp\lib\remote.jar;H:\dev_3.0\Topcased-4.3.0\configuration\org.eclipse.osgi\bundles\142\1\.cp\lib\remoteAnt.jar;H:\dev_3.0\javadev\java\lib\tools.jar;H:\dev_3.0\Topcased-4.3.0\plugins\org.eclipse.swt.win32.win32.x86_3.6.1.v3655c.jar" />
    <property name="ant.version" value="Apache Ant version 1.7.1 compiled on June 27 2008" />
    <property name="java.vm.specification.name" value="Java Virtual Machine Specification" />
    <property name="java.vm.specification.version" value="1.0" />
    <property name="sun.cpu.endian" value="little" />
    <property name="sun.os.patch.level" value="Service Pack 2" />
    <property name="project_jMetaTestUtil_dir" value="EasyTagTest_Util" />
    <property name="project_Deployment_dir" value="EasyTag_Deployment/Deployment_Filesystem/jMeta_vX.X.X" />
    <property name="eclipse.pdebuild.home" value="/H:/dev_3.0/Topcased-4.3.0/plugins/org.eclipse.pde.build_3.6.1.R36x_v20100823/./" />
    <property name="java.io.tmpdir" value="F:\DOKUME~1\JENSEB~1\LOKALE~1\Temp\" />
    <property name="java.vendor.url.bug" value="http://java.sun.com/cgi-bin/bugreport.cgi" />
    <property name="project_CommonLibs_dir" value="CommonLibs" />
    <property name="project_ComponentRegistry_dir" value="ComponentRegistry" />
    <property name="os.arch" value="x86" />
    <property name="java.awt.graphicsenv" value="sun.awt.Win32GraphicsEnvironment" />
    <property name="java.ext.dirs" value="H:\dev_3.0\javadev\java\jre\lib\ext;F:\WINDOWS\Sun\Java\lib\ext" />
    <property name="user.dir" value="H:\dev_3.0\javadev\ws\EasyTag_IntegrationTest\scripts\deploymentSmoke" />
    <property name="line.separator" value="
" />
    <property name="java.vm.name" value="Java HotSpot(TM) Client VM" />
    <property name="basedir" value="H:\dev_3.0\javadev\ws" />
    <property name="ant.java.version" value="1.6" />
    <property name="ant.core.lib" value="H:\dev_3.0\Topcased-4.3.0\plugins\org.apache.ant_1.7.1.v20100518-1145\lib\ant.jar" />
    <property name="file.encoding" value="UTF-8" />
    <property name="project_jMetaInterface_dir" value="EasyTagCore_Interface" />
    <property name="java.specification.version" value="1.6" />
  </properties>
  <testcase classname="de.je.jmeta.context.JMetaContextTest" name="test_getInstance" time="0.547" />
  <system-out><![CDATA[H:\dev_3.0\Topcased-4.3.0\plugins\org.apache.ant_1.7.1.v20100518-1145\lib\ant.jar;H:\dev_3.0\Topcased-4.3.0\plugins\org.apache.ant_1.7.1.v20100518-1145\lib\ant-antlr.jar;H:\dev_3.0\Topcased-4.3.0\plugins\org.apache.ant_1.7.1.v20100518-1145\lib\ant-apache-bcel.jar;H:\dev_3.0\Topcased-4.3.0\plugins\org.apache.ant_1.7.1.v20100518-1145\lib\ant-apache-bsf.jar;H:\dev_3.0\Topcased-4.3.0\plugins\org.apache.ant_1.7.1.v20100518-1145\lib\ant-apache-log4j.jar;H:\dev_3.0\Topcased-4.3.0\plugins\org.apache.ant_1.7.1.v20100518-1145\lib\ant-apache-oro.jar;H:\dev_3.0\Topcased-4.3.0\plugins\org.apache.ant_1.7.1.v20100518-1145\lib\ant-apache-regexp.jar;H:\dev_3.0\Topcased-4.3.0\plugins\org.apache.ant_1.7.1.v20100518-1145\lib\ant-apache-resolver.jar;H:\dev_3.0\Topcased-4.3.0\plugins\org.apache.ant_1.7.1.v20100518-1145\lib\ant-commons-logging.jar;H:\dev_3.0\Topcased-4.3.0\plugins\org.apache.ant_1.7.1.v20100518-1145\lib\ant-commons-net.jar;H:\dev_3.0\Topcased-4.3.0\plugins\org.apache.ant_1.7.1.v20100518-1145\lib\ant-jai.jar;H:\dev_3.0\Topcased-4.3.0\plugins\org.apache.ant_1.7.1.v20100518-1145\lib\ant-javamail.jar;H:\dev_3.0\Topcased-4.3.0\plugins\org.apache.ant_1.7.1.v20100518-1145\lib\ant-jdepend.jar;H:\dev_3.0\Topcased-4.3.0\plugins\org.apache.ant_1.7.1.v20100518-1145\lib\ant-jmf.jar;H:\dev_3.0\Topcased-4.3.0\plugins\org.apache.ant_1.7.1.v20100518-1145\lib\ant-jsch.jar;H:\dev_3.0\Topcased-4.3.0\plugins\org.apache.ant_1.7.1.v20100518-1145\lib\ant-junit.jar;H:\dev_3.0\Topcased-4.3.0\plugins\org.apache.ant_1.7.1.v20100518-1145\lib\ant-launcher.jar;H:\dev_3.0\Topcased-4.3.0\plugins\org.apache.ant_1.7.1.v20100518-1145\lib\ant-netrexx.jar;H:\dev_3.0\Topcased-4.3.0\plugins\org.apache.ant_1.7.1.v20100518-1145\lib\ant-nodeps.jar;H:\dev_3.0\Topcased-4.3.0\plugins\org.apache.ant_1.7.1.v20100518-1145\lib\ant-starteam.jar;H:\dev_3.0\Topcased-4.3.0\plugins\org.apache.ant_1.7.1.v20100518-1145\lib\ant-stylebook.jar;H:\dev_3.0\Topcased-4.3.0\plugins\org.apache.ant_1.7.1.v20100518-1145\lib\ant-swing.jar;H:\dev_3.0\Topcased-4.3.0\plugins\org.apache.ant_1.7.1.v20100518-1145\lib\ant-trax.jar;H:\dev_3.0\Topcased-4.3.0\plugins\org.apache.ant_1.7.1.v20100518-1145\lib\ant-weblogic.jar;H:\dev_3.0\Topcased-4.3.0\configuration\org.eclipse.osgi\bundles\141\1\.cp\lib\antdebug.jar;H:\dev_3.0\Topcased-4.3.0\configuration\org.eclipse.osgi\bundles\141\1\.cp\lib\remote.jar;H:\dev_3.0\Topcased-4.3.0\configuration\org.eclipse.osgi\bundles\142\1\.cp\lib\remoteAnt.jar;H:\dev_3.0\javadev\java\lib\tools.jar;H:\dev_3.0\Topcased-4.3.0\plugins\org.eclipse.swt.win32.win32.x86_3.6.1.v3655c.jar
null
sun.net.www.protocol.jar.JarURLConnection$JarURLInputStream@737371
-1
file:/H:/dev_3.0/javadev/ws/EasyTag_Deployment/Deployment_Filesystem/jMeta_vX.X.X/jMeta.jar!/de/je/jmeta/context/iface/config/ComponentConfiguration.xml

file:/H:/dev_3.0/javadev/ws/EasyTag_Deployment/Deployment_Filesystem/jMeta_vX.X.X/jMeta.jar!/de/je/jmeta/context/iface/config/ComponentConfiguration.xml
-1
jar
null
null
null
null
sun.net.www.protocol.jar.JarURLConnection$JarURLInputStream@17b4703
-1
file:/H:/dev_3.0/javadev/ws/EasyTag_Deployment/Deployment_Filesystem/jMeta_vX.X.X/jMeta.jar!/de/je/jmeta/context/iface/config/ComponentConfiguration.xml

file:/H:/dev_3.0/javadev/ws/EasyTag_Deployment/Deployment_Filesystem/jMeta_vX.X.X/jMeta.jar!/de/je/jmeta/context/iface/config/ComponentConfiguration.xml
-1
jar
null
null
null
]]></system-out>
  <system-err><![CDATA[19.02.2012 19:34:12 de.je.jmeta.context.iface.JMetaContext get
INFO: 

 ......  [STARTING]   Loading component configuration ...... 


19.02.2012 19:34:12 de.je.registry.ComponentRegistry getInstance
INFO: Processing component configuration stream with id <config/ComponentConfiguration.xml> ... 
19.02.2012 19:34:12 de.je.registry.ComponentRegistry registerComponents
INFO: Trying to register component <DataFormats>
19.02.2012 19:34:12 de.je.registry.ComponentRegistry registerComponents
INFO: Successfully registered component <DataFormats>
19.02.2012 19:34:12 de.je.registry.ComponentRegistry registerComponents
INFO: Trying to register component <Configuration>
19.02.2012 19:34:12 de.je.registry.ComponentRegistry registerComponents
INFO: Successfully registered component <Configuration>
19.02.2012 19:34:12 de.je.registry.ComponentRegistry registerComponents
INFO: Trying to register component <DataBlocks>
19.02.2012 19:34:12 de.je.registry.ComponentRegistry registerComponents
INFO: Successfully registered component <DataBlocks>
19.02.2012 19:34:12 de.je.registry.ComponentRegistry registerComponents
INFO: Trying to register component <jMetaContext>
19.02.2012 19:34:12 de.je.registry.ComponentRegistry registerComponents
INFO: Successfully registered component <jMetaContext>
19.02.2012 19:34:12 de.je.registry.ComponentRegistry registerComponents
INFO: Trying to register component <Media>
19.02.2012 19:34:12 de.je.registry.ComponentRegistry registerComponents
INFO: Successfully registered component <Media>
19.02.2012 19:34:12 de.je.registry.ComponentRegistry registerComponents
INFO: Trying to register component <Logging>
19.02.2012 19:34:12 de.je.registry.ComponentRegistry registerComponents
INFO: Successfully registered component <Logging>
19.02.2012 19:34:12 de.je.registry.ComponentRegistry registerComponents
INFO: Trying to register component <ExtensionManagement>
19.02.2012 19:34:12 de.je.registry.ComponentRegistry registerComponents
INFO: Successfully registered component <ExtensionManagement>
19.02.2012 19:34:12 de.je.registry.ComponentRegistry getInstance
INFO: Finished reading component configuration stream with id <config/ComponentConfiguration.xml>
19.02.2012 19:34:12 de.je.jmeta.context.iface.JMetaContext get
INFO: 

 ......  [SUCCESSFUL] Loading component configuration ...... 


]]></system-err>
</testsuite>
